mode: set
github.com/donbaking/booking/internal/handler/handlers.go:32.60,37.2 1 0
github.com/donbaking/booking/internal/handler/handlers.go:39.50,44.2 1 1
github.com/donbaking/booking/internal/handler/handlers.go:47.32,49.2 1 1
github.com/donbaking/booking/internal/handler/handlers.go:54.64,56.34 1 1
github.com/donbaking/booking/internal/handler/handlers.go:56.34,59.3 2 0
github.com/donbaking/booking/internal/handler/handlers.go:60.2,63.65 4 1
github.com/donbaking/booking/internal/handler/handlers.go:66.65,68.34 1 1
github.com/donbaking/booking/internal/handler/handlers.go:68.34,71.3 2 0
github.com/donbaking/booking/internal/handler/handlers.go:73.2,78.4 4 1
github.com/donbaking/booking/internal/handler/handlers.go:81.72,85.9 2 1
github.com/donbaking/booking/internal/handler/handlers.go:85.9,90.3 3 1
github.com/donbaking/booking/internal/handler/handlers.go:92.2,93.14 2 1
github.com/donbaking/booking/internal/handler/handlers.go:93.14,98.3 3 1
github.com/donbaking/booking/internal/handler/handlers.go:99.2,119.4 10 1
github.com/donbaking/booking/internal/handler/handlers.go:123.76,127.8 2 0
github.com/donbaking/booking/internal/handler/handlers.go:127.8,130.3 2 0
github.com/donbaking/booking/internal/handler/handlers.go:133.2,134.15 2 0
github.com/donbaking/booking/internal/handler/handlers.go:134.15,138.3 2 0
github.com/donbaking/booking/internal/handler/handlers.go:140.2,151.19 9 0
github.com/donbaking/booking/internal/handler/handlers.go:151.19,160.3 4 0
github.com/donbaking/booking/internal/handler/handlers.go:162.2,163.15 2 0
github.com/donbaking/booking/internal/handler/handlers.go:163.15,166.3 2 0
github.com/donbaking/booking/internal/handler/handlers.go:167.2,178.15 4 0
github.com/donbaking/booking/internal/handler/handlers.go:178.15,181.3 2 0
github.com/donbaking/booking/internal/handler/handlers.go:183.2,188.63 3 0
github.com/donbaking/booking/internal/handler/handlers.go:191.69,193.2 1 1
github.com/donbaking/booking/internal/handler/handlers.go:195.67,197.2 1 1
github.com/donbaking/booking/internal/handler/handlers.go:200.73,202.2 1 1
github.com/donbaking/booking/internal/handler/handlers.go:204.77,211.15 5 0
github.com/donbaking/booking/internal/handler/handlers.go:211.15,214.3 2 0
github.com/donbaking/booking/internal/handler/handlers.go:215.2,216.15 2 0
github.com/donbaking/booking/internal/handler/handlers.go:216.15,219.3 2 0
github.com/donbaking/booking/internal/handler/handlers.go:220.2,222.15 3 0
github.com/donbaking/booking/internal/handler/handlers.go:222.15,225.3 2 0
github.com/donbaking/booking/internal/handler/handlers.go:226.2,228.19 2 0
github.com/donbaking/booking/internal/handler/handlers.go:228.19,232.3 3 0
github.com/donbaking/booking/internal/handler/handlers.go:233.2,243.4 5 0
github.com/donbaking/booking/internal/handler/handlers.go:255.81,263.15 5 0
github.com/donbaking/booking/internal/handler/handlers.go:263.15,266.3 2 0
github.com/donbaking/booking/internal/handler/handlers.go:267.2,268.15 2 0
github.com/donbaking/booking/internal/handler/handlers.go:268.15,271.3 2 0
github.com/donbaking/booking/internal/handler/handlers.go:272.2,273.15 2 0
github.com/donbaking/booking/internal/handler/handlers.go:273.15,276.3 2 0
github.com/donbaking/booking/internal/handler/handlers.go:278.2,279.15 2 0
github.com/donbaking/booking/internal/handler/handlers.go:279.15,282.3 2 0
github.com/donbaking/booking/internal/handler/handlers.go:285.2,295.14 3 0
github.com/donbaking/booking/internal/handler/handlers.go:295.14,298.3 2 0
github.com/donbaking/booking/internal/handler/handlers.go:301.2,302.14 2 0
github.com/donbaking/booking/internal/handler/handlers.go:306.68,308.2 1 1
github.com/donbaking/booking/internal/handler/handlers.go:311.79,315.9 2 0
github.com/donbaking/booking/internal/handler/handlers.go:315.9,322.3 4 0
github.com/donbaking/booking/internal/handler/handlers.go:324.2,338.4 9 0
github.com/donbaking/booking/internal/handler/handlers.go:341.73,345.15 3 0
github.com/donbaking/booking/internal/handler/handlers.go:345.15,348.3 2 0
github.com/donbaking/booking/internal/handler/handlers.go:350.2,351.9 2 0
github.com/donbaking/booking/internal/handler/handlers.go:351.9,355.3 2 0
github.com/donbaking/booking/internal/handler/handlers.go:357.2,363.60 5 0
github.com/donbaking/booking/internal/handler/handlers.go:367.69,375.15 6 0
github.com/donbaking/booking/internal/handler/handlers.go:375.15,378.3 2 0
github.com/donbaking/booking/internal/handler/handlers.go:379.2,380.15 2 0
github.com/donbaking/booking/internal/handler/handlers.go:380.15,383.3 2 0
github.com/donbaking/booking/internal/handler/handlers.go:384.2,390.14 6 0
github.com/donbaking/booking/internal/handler/handlers.go:390.14,393.3 2 0
github.com/donbaking/booking/internal/handler/handlers.go:394.2,399.68 4 0
