mode: set
github.com/donbaking/booking/internal/handler/handlers.go:32.60,37.2 1 0
github.com/donbaking/booking/internal/handler/handlers.go:39.50,44.2 1 1
github.com/donbaking/booking/internal/handler/handlers.go:47.32,49.2 1 1
github.com/donbaking/booking/internal/handler/handlers.go:54.64,56.34 1 1
github.com/donbaking/booking/internal/handler/handlers.go:56.34,59.3 2 0
github.com/donbaking/booking/internal/handler/handlers.go:60.2,63.65 4 1
github.com/donbaking/booking/internal/handler/handlers.go:66.65,68.34 1 1
github.com/donbaking/booking/internal/handler/handlers.go:68.34,71.3 2 0
github.com/donbaking/booking/internal/handler/handlers.go:73.2,78.4 4 1
github.com/donbaking/booking/internal/handler/handlers.go:81.72,85.9 2 1
github.com/donbaking/booking/internal/handler/handlers.go:85.9,90.3 3 1
github.com/donbaking/booking/internal/handler/handlers.go:92.2,93.14 2 1
github.com/donbaking/booking/internal/handler/handlers.go:93.14,98.3 3 1
github.com/donbaking/booking/internal/handler/handlers.go:99.2,119.4 10 1
github.com/donbaking/booking/internal/handler/handlers.go:123.76,127.8 2 1
github.com/donbaking/booking/internal/handler/handlers.go:127.8,130.3 2 0
github.com/donbaking/booking/internal/handler/handlers.go:133.2,134.15 2 1
github.com/donbaking/booking/internal/handler/handlers.go:134.15,139.3 3 1
github.com/donbaking/booking/internal/handler/handlers.go:141.2,152.19 9 1
github.com/donbaking/booking/internal/handler/handlers.go:152.19,162.3 5 1
github.com/donbaking/booking/internal/handler/handlers.go:164.2,165.15 2 0
github.com/donbaking/booking/internal/handler/handlers.go:165.15,169.3 3 0
github.com/donbaking/booking/internal/handler/handlers.go:170.2,181.15 4 0
github.com/donbaking/booking/internal/handler/handlers.go:181.15,185.3 3 0
github.com/donbaking/booking/internal/handler/handlers.go:187.2,192.63 3 0
github.com/donbaking/booking/internal/handler/handlers.go:195.69,197.2 1 1
github.com/donbaking/booking/internal/handler/handlers.go:199.67,201.2 1 1
github.com/donbaking/booking/internal/handler/handlers.go:204.73,206.2 1 1
github.com/donbaking/booking/internal/handler/handlers.go:208.77,215.15 5 0
github.com/donbaking/booking/internal/handler/handlers.go:215.15,218.3 2 0
github.com/donbaking/booking/internal/handler/handlers.go:219.2,220.15 2 0
github.com/donbaking/booking/internal/handler/handlers.go:220.15,223.3 2 0
github.com/donbaking/booking/internal/handler/handlers.go:224.2,226.15 3 0
github.com/donbaking/booking/internal/handler/handlers.go:226.15,229.3 2 0
github.com/donbaking/booking/internal/handler/handlers.go:230.2,232.19 2 0
github.com/donbaking/booking/internal/handler/handlers.go:232.19,236.3 3 0
github.com/donbaking/booking/internal/handler/handlers.go:237.2,247.4 5 0
github.com/donbaking/booking/internal/handler/handlers.go:259.81,267.15 5 0
github.com/donbaking/booking/internal/handler/handlers.go:267.15,270.3 2 0
github.com/donbaking/booking/internal/handler/handlers.go:271.2,272.15 2 0
github.com/donbaking/booking/internal/handler/handlers.go:272.15,275.3 2 0
github.com/donbaking/booking/internal/handler/handlers.go:276.2,277.15 2 0
github.com/donbaking/booking/internal/handler/handlers.go:277.15,280.3 2 0
github.com/donbaking/booking/internal/handler/handlers.go:282.2,283.15 2 0
github.com/donbaking/booking/internal/handler/handlers.go:283.15,286.3 2 0
github.com/donbaking/booking/internal/handler/handlers.go:289.2,299.14 3 0
github.com/donbaking/booking/internal/handler/handlers.go:299.14,302.3 2 0
github.com/donbaking/booking/internal/handler/handlers.go:305.2,306.14 2 0
github.com/donbaking/booking/internal/handler/handlers.go:310.68,312.2 1 1
github.com/donbaking/booking/internal/handler/handlers.go:315.79,319.9 2 0
github.com/donbaking/booking/internal/handler/handlers.go:319.9,326.3 4 0
github.com/donbaking/booking/internal/handler/handlers.go:328.2,342.4 9 0
github.com/donbaking/booking/internal/handler/handlers.go:345.73,349.15 3 0
github.com/donbaking/booking/internal/handler/handlers.go:349.15,352.3 2 0
github.com/donbaking/booking/internal/handler/handlers.go:354.2,355.9 2 0
github.com/donbaking/booking/internal/handler/handlers.go:355.9,359.3 2 0
github.com/donbaking/booking/internal/handler/handlers.go:361.2,367.60 5 0
github.com/donbaking/booking/internal/handler/handlers.go:371.69,379.15 6 0
github.com/donbaking/booking/internal/handler/handlers.go:379.15,382.3 2 0
github.com/donbaking/booking/internal/handler/handlers.go:383.2,384.15 2 0
github.com/donbaking/booking/internal/handler/handlers.go:384.15,387.3 2 0
github.com/donbaking/booking/internal/handler/handlers.go:388.2,394.14 6 0
github.com/donbaking/booking/internal/handler/handlers.go:394.14,397.3 2 0
github.com/donbaking/booking/internal/handler/handlers.go:398.2,403.68 4 0
